[0.000000] (-) TimerEvent: {}
[0.001123] (aurdinobot_cpp_examples) JobQueued: {'identifier': 'aurdinobot_cpp_examples', 'dependencies': OrderedDict()}
[0.001295] (aurdinobot_py_examples) JobQueued: {'identifier': 'aurdinobot_py_examples', 'dependencies': OrderedDict()}
[0.001330] (aurdinobot_cpp_examples) JobStarted: {'identifier': 'aurdinobot_cpp_examples'}
[0.013502] (aurdinobot_py_examples) JobStarted: {'identifier': 'aurdinobot_py_examples'}
[0.022914] (aurdinobot_cpp_examples) JobProgress: {'identifier': 'aurdinobot_cpp_examples', 'progress': 'cmake'}
[0.023488] (aurdinobot_cpp_examples) Command: {'cmd': ['/usr/bin/cmake', '/home/rishi/aurdinorobot_ws/src/aurdinobot_cpp_examples', '-DCMAKE_INSTALL_PREFIX=/home/rishi/aurdinorobot_ws/install/aurdinobot_cpp_examples'], 'cwd': '/home/rishi/aurdinorobot_ws/build/aurdinobot_cpp_examples', 'env': OrderedDict([('LESSOPEN', '| /usr/bin/lesspipe %s'), ('USER', 'rishi'), ('LC_TIME', 'de_DE.UTF-8'), ('XDG_SESSION_TYPE', 'wayland'), ('SHLVL', '1'), ('LD_LIBRARY_PATH', '/usr/lib/x86_64-linux-gnu/gazebo-11/plugins:/opt/ros/humble/opt/rviz_ogre_vendor/lib:/opt/ros/humble/lib/x86_64-linux-gnu:/opt/ros/humble/lib'), ('HOME', '/home/rishi'), ('OLDPWD', '/home/rishi/aurdinorobot_ws/src'), ('DESKTOP_SESSION', 'ubuntu'), ('ROS_PYTHON_VERSION', '3'), ('GNOME_SHELL_SESSION_MODE', 'ubuntu'), ('GTK_MODULES', 'gail:atk-bridge'), ('LC_MONETARY', 'de_DE.UTF-8'), ('SYSTEMD_EXEC_PID', '1688'), ('DBUS_SESSION_BUS_ADDRESS', 'unix:path=/run/user/1000/bus'), ('COLORTERM', 'truecolor'), ('IM_CONFIG_PHASE', '1'), ('WAYLAND_DISPLAY', 'wayland-0'), ('COLCON_PREFIX_PATH', '/home/rishi/Desktop/ROS2-Self-Driving-Car-AI-using-OpenCV-34dbd42379571ce15dfddcd7bb851ab772a2b23d/install'), ('ROS_DISTRO', 'humble'), ('LOGNAME', 'rishi'), ('_', '/usr/bin/colcon'), ('ROS_VERSION', '2'), ('XDG_SESSION_CLASS', 'user'), ('USERNAME', 'rishi'), ('TERM', 'xterm-256color'), ('GNOME_DESKTOP_SESSION_ID', 'this-is-deprecated'), ('ROS_LOCALHOST_ONLY', '0'), ('PATH', '/opt/ros/humble/bin:/usr/local/sbin:/usr/local/bin:/usr/sbin:/usr/bin:/sbin:/bin:/usr/games:/usr/local/games:/snap/bin:/snap/bin'), ('SESSION_MANAGER', 'local/rishi-Nitro-AN515-43:@/tmp/.ICE-unix/1664,unix/rishi-Nitro-AN515-43:/tmp/.ICE-unix/1664'), ('XDG_MENU_PREFIX', 'gnome-'), ('LC_ADDRESS', 'de_DE.UTF-8'), ('GNOME_TERMINAL_SCREEN', '/org/gnome/Terminal/screen/dbf5c24c_75a4_4899_ad5a_546f6c8d6123'), ('GNOME_SETUP_DISPLAY', ':1'), ('XDG_RUNTIME_DIR', '/run/user/1000'), ('DISPLAY', ':0'), ('LANG', 'en_US.UTF-8'), ('XDG_CURRENT_DESKTOP', 'ubuntu:GNOME'), ('LC_TELEPHONE', 'de_DE.UTF-8'), ('XMODIFIERS', '@im=ibus'), ('XDG_SESSION_DESKTOP', 'ubuntu'), ('XAUTHORITY', '/run/user/1000/.mutter-Xwaylandauth.EJXVM2'), ('LS_COLORS', 'rs=0:di=01;34:ln=01;36:mh=00:pi=40;33:so=01;35:do=01;35:bd=40;33;01:cd=40;33;01:or=40;31;01:mi=00:su=37;41:sg=30;43:ca=30;41:tw=30;42:ow=34;42:st=37;44:ex=01;32:*.tar=01;31:*.tgz=01;31:*.arc=01;31:*.arj=01;31:*.taz=01;31:*.lha=01;31:*.lz4=01;31:*.lzh=01;31:*.lzma=01;31:*.tlz=01;31:*.txz=01;31:*.tzo=01;31:*.t7z=01;31:*.zip=01;31:*.z=01;31:*.dz=01;31:*.gz=01;31:*.lrz=01;31:*.lz=01;31:*.lzo=01;31:*.xz=01;31:*.zst=01;31:*.tzst=01;31:*.bz2=01;31:*.bz=01;31:*.tbz=01;31:*.tbz2=01;31:*.tz=01;31:*.deb=01;31:*.rpm=01;31:*.jar=01;31:*.war=01;31:*.ear=01;31:*.sar=01;31:*.rar=01;31:*.alz=01;31:*.ace=01;31:*.zoo=01;31:*.cpio=01;31:*.7z=01;31:*.rz=01;31:*.cab=01;31:*.wim=01;31:*.swm=01;31:*.dwm=01;31:*.esd=01;31:*.jpg=01;35:*.jpeg=01;35:*.mjpg=01;35:*.mjpeg=01;35:*.gif=01;35:*.bmp=01;35:*.pbm=01;35:*.pgm=01;35:*.ppm=01;35:*.tga=01;35:*.xbm=01;35:*.xpm=01;35:*.tif=01;35:*.tiff=01;35:*.png=01;35:*.svg=01;35:*.svgz=01;35:*.mng=01;35:*.pcx=01;35:*.mov=01;35:*.mpg=01;35:*.mpeg=01;35:*.m2v=01;35:*.mkv=01;35:*.webm=01;35:*.webp=01;35:*.ogm=01;35:*.mp4=01;35:*.m4v=01;35:*.mp4v=01;35:*.vob=01;35:*.qt=01;35:*.nuv=01;35:*.wmv=01;35:*.asf=01;35:*.rm=01;35:*.rmvb=01;35:*.flc=01;35:*.avi=01;35:*.fli=01;35:*.flv=01;35:*.gl=01;35:*.dl=01;35:*.xcf=01;35:*.xwd=01;35:*.yuv=01;35:*.cgm=01;35:*.emf=01;35:*.ogv=01;35:*.ogx=01;35:*.aac=00;36:*.au=00;36:*.flac=00;36:*.m4a=00;36:*.mid=00;36:*.midi=00;36:*.mka=00;36:*.mp3=00;36:*.mpc=00;36:*.ogg=00;36:*.ra=00;36:*.wav=00;36:*.oga=00;36:*.opus=00;36:*.spx=00;36:*.xspf=00;36:'), ('GNOME_TERMINAL_SERVICE', ':1.2039'), ('SSH_AGENT_LAUNCHER', 'gnome-keyring'), ('SSH_AUTH_SOCK', '/run/user/1000/keyring/ssh'), ('AMENT_PREFIX_PATH', '/home/rishi/Desktop/ROS2-Self-Driving-Car-AI-using-OpenCV-34dbd42379571ce15dfddcd7bb851ab772a2b23d/install/self_driving_car_pkg:/opt/ros/humble'), ('SHELL', '/bin/bash'), ('LC_NAME', 'de_DE.UTF-8'), ('QT_ACCESSIBILITY', '1'), ('GDMSESSION', 'ubuntu'), ('LESSCLOSE', '/usr/bin/lesspipe %s %s'), ('LC_MEASUREMENT', 'de_DE.UTF-8'), ('LC_IDENTIFICATION', 'de_DE.UTF-8'), ('QT_IM_MODULE', 'ibus'), ('PWD', '/home/rishi/aurdinorobot_ws/build/aurdinobot_cpp_examples'), ('LC_ALL', 'en_US.UTF-8'), ('XDG_CONFIG_DIRS', '/etc/xdg/xdg-ubuntu:/etc/xdg'), ('XDG_DATA_DIRS', '/usr/share/ubuntu:/usr/local/share/:/usr/share/:/var/lib/snapd/desktop'), ('UE4_ROOT', '/home/rishi/UnrealEngine_4.26'), ('PYTHONPATH', '/home/rishi/Desktop/ROS2-Self-Driving-Car-AI-using-OpenCV-34dbd42379571ce15dfddcd7bb851ab772a2b23d/install/self_driving_car_pkg/lib/python3.10/site-packages:/opt/ros/humble/lib/python3.10/site-packages:/opt/ros/humble/local/lib/python3.10/dist-packages'), ('LC_NUMERIC', 'de_DE.UTF-8'), ('LC_PAPER', 'de_DE.UTF-8'), ('COLCON', '1'), ('VTE_VERSION', '6800'), ('CMAKE_PREFIX_PATH', '/home/rishi/Desktop/ROS2-Self-Driving-Car-AI-using-OpenCV-34dbd42379571ce15dfddcd7bb851ab772a2b23d/install/self_driving_car_pkg:/opt/ros/humble')]), 'shell': False}
[0.099750] (-) TimerEvent: {}
[0.196397] (aurdinobot_cpp_examples) StdoutLine: {'line': b'-- The C compiler identification is GNU 11.4.0\n'}
[0.199912] (-) TimerEvent: {}
[0.300435] (-) TimerEvent: {}
[0.342905] (aurdinobot_cpp_examples) StdoutLine: {'line': b'-- The CXX compiler identification is GNU 7.5.0\n'}
[0.358294] (aurdinobot_cpp_examples) StdoutLine: {'line': b'-- Detecting C compiler ABI info\n'}
[0.400569] (-) TimerEvent: {}
[0.432075] (aurdinobot_py_examples) StderrLine: {'line': b'Traceback (most recent call last):\n  File "/usr/lib/python3/dist-packages/colcon_core/executor/__init__.py", line 91, in __call__\n    rc = await self.task(*args, **kwargs)\n  File "/usr/lib/python3/dist-packages/colcon_core/task/__init__.py", line 93, in __call__\n    return await task_method(*args, **kwargs)\n  File "/usr/lib/python3/dist-packages/colcon_ros/task/ament_python/build.py", line 102, in build\n    return await extension.build(additional_hooks=additional_hooks)\n  File "/usr/lib/python3/dist-packages/colcon_core/task/python/build.py", line 90, in build\n    available_commands = await self._get_available_commands(\n  File "/usr/lib/python3/dist-packages/colcon_core/task/python/build.py", line 188, in _get_available_commands\n    output = await check_output(\n  File "/usr/lib/python3/dist-packages/colcon_core/subprocess.py", line 129, in check_output\n    assert not rc, f\'Expected {args} to pass: {stderr_data}\'\nAssertionError: Expected [\'/usr/bin/python3\', \'-W\', \'ignore:setup.py install is deprecated\', \'setup.py\', \'--help-commands\'] to pass: Traceback (most recent call last):\n  File "/home/rishi/aurdinorobot_ws/src/aurdinobot_py_examples/setup.py", line 5, in <module>\n    setup(\n  File "/home/rishi/.local/lib/python3.10/site-packages/setuptools/__init__.py", line 161, in setup\n    return distutils.core.setup(**attrs)\n  File "/usr/lib/python3.10/distutils/core.py", line 134, in setup\n    ok = dist.parse_command_line()\n  File "/usr/lib/python3.10/distutils/dist.py", line 480, in parse_command_line\n    if self.handle_display_options(option_order):\n  File "/home/rishi/.local/lib/python3.10/site-packages/setuptools/dist.py", line 1003, in handle_display_options\n    return _Distribution.handle_display_options(self, option_order)\n  File "/usr/lib/python3.10/distutils/dist.py", line 683, in handle_display_options\n    self.print_commands()\n  File "/home/rishi/.local/lib/python3.10/site-packages/setuptools/dist.py", line 773, in print_commands\n    cmdclass = ep.resolve()\n  File "/home/rishi/.local/lib/python3.10/site-packages/pkg_resources/__init__.py", line 2467, in resolve\n    module = __import__(self.module_name, fromlist=[\'__name__\'], level=0)\n  File "/home/rishi/.local/lib/python3.10/site-packages/setuptools/command/bdist_wininst.py", line 1, in <module>\n    import distutils.command.bdist_wininst as orig\nModuleNotFoundError: No module named \'distutils.command.bdist_wininst\'\n\n'}
[0.432910] (aurdinobot_py_examples) JobEnded: {'identifier': 'aurdinobot_py_examples', 'rc': 1}
[0.474864] (aurdinobot_cpp_examples) StdoutLine: {'line': b'-- Detecting C compiler ABI info - done\n'}
[0.486183] (aurdinobot_cpp_examples) StdoutLine: {'line': b'-- Check for working C compiler: /usr/bin/cc - skipped\n'}
[0.486590] (aurdinobot_cpp_examples) StdoutLine: {'line': b'-- Detecting C compile features\n'}
[0.487171] (aurdinobot_cpp_examples) StdoutLine: {'line': b'-- Detecting C compile features - done\n'}
[0.491272] (aurdinobot_cpp_examples) StdoutLine: {'line': b'-- Detecting CXX compiler ABI info\n'}
[0.500764] (-) TimerEvent: {}
[0.601309] (-) TimerEvent: {}
[0.619460] (aurdinobot_cpp_examples) StdoutLine: {'line': b'-- Detecting CXX compiler ABI info - done\n'}
[0.630701] (aurdinobot_cpp_examples) StdoutLine: {'line': b'-- Check for working CXX compiler: /usr/bin/c++ - skipped\n'}
[0.631263] (aurdinobot_cpp_examples) StdoutLine: {'line': b'-- Detecting CXX compile features\n'}
[0.631837] (aurdinobot_cpp_examples) StdoutLine: {'line': b'-- Detecting CXX compile features - done\n'}
[0.637819] (aurdinobot_cpp_examples) StdoutLine: {'line': b'-- Found ament_cmake: 1.3.8 (/opt/ros/humble/share/ament_cmake/cmake)\n'}
[0.701489] (-) TimerEvent: {}
[0.802058] (-) TimerEvent: {}
[0.856514] (aurdinobot_cpp_examples) StdoutLine: {'line': b'-- Found Python3: /usr/bin/python3 (found version "3.10.12") found components: Interpreter \n'}
[0.902215] (-) TimerEvent: {}
[1.001146] (aurdinobot_cpp_examples) StdoutLine: {'line': b'-- Found ament_lint_auto: 0.12.10 (/opt/ros/humble/share/ament_lint_auto/cmake)\n'}
[1.002289] (-) TimerEvent: {}
[1.102622] (-) TimerEvent: {}
[1.152808] (aurdinobot_cpp_examples) StdoutLine: {'line': b"-- Added test 'lint_cmake' to check CMake code style\n"}
[1.157510] (aurdinobot_cpp_examples) StdoutLine: {'line': b"-- Added test 'xmllint' to check XML markup files\n"}
[1.162185] (aurdinobot_cpp_examples) StdoutLine: {'line': b'-- Configuring done\n'}
[1.172478] (aurdinobot_cpp_examples) StdoutLine: {'line': b'-- Generating done\n'}
[1.176234] (aurdinobot_cpp_examples) StdoutLine: {'line': b'-- Build files have been written to: /home/rishi/aurdinorobot_ws/build/aurdinobot_cpp_examples\n'}
[1.186612] (aurdinobot_cpp_examples) JobEnded: {'identifier': 'aurdinobot_cpp_examples', 'rc': 'SIGINT'}
[1.197341] (-) EventReactorShutdown: {}
